g:\archer\archer\debug\vc142.pdb
g:\archer\archer\debug\vc142.idb
g:\archer\archer\debug\texture.obj
g:\archer\archer\debug\shader.obj
g:\archer\archer\debug\resource_manager.obj
g:\archer\archer\debug\archer.obj
g:\archer\archer\debug\main.obj
g:\archer\archer\debug\hpexpstrip.obj
g:\archer\archer\debug\game_object.obj
g:\archer\archer\debug\game_map.obj
g:\archer\archer\debug\game_shootingobject.obj
g:\archer\archer\debug\game.obj
g:\archer\archer\debug\findingpath.obj
g:\archer\archer\debug\camera.obj
g:\archer\archer\debug\arrow.obj
g:\archer\archer\debug\glad.obj
g:\archer\debug\archer.exe
g:\archer\archer\debug\archer.tlog\cl.command.1.tlog
g:\archer\archer\debug\archer.tlog\cl.read.1.tlog
g:\archer\archer\debug\archer.tlog\cl.write.1.tlog
g:\archer\archer\debug\archer.tlog\link.command.1.tlog
g:\archer\archer\debug\archer.tlog\link.read.1.tlog
g:\archer\archer\debug\archer.tlog\link.write.1.tlog
