  arrow.cpp
  camera.cpp
  findingpath.cpp
  game.cpp
G:\archer\archer\sources\findingpath.cpp(102,26): warning C4018:  '<': signed/unsigned mismatch
G:\archer\archer\sources\game.cpp(412,42): warning C4244:  '-=': conversion from 'double' to 'GLfloat', possible loss of data
  game_shootingobject.cpp
  game_map.cpp
  game_object.cpp
  HPEXPStrip.cpp
G:\archer\archer\sources\game.cpp(413,43): warning C4244:  '-=': conversion from 'double' to 'GLfloat', possible loss of data
  main.cpp
  Archer.cpp
  resource_manager.cpp
  shader.cpp
  texture.cpp
  Generating Code...
G:\archer\archer\sources\HPEXPStrip.cpp(14,2): warning C4305:  'initializing': truncation from 'double' to 'GLfloat'
G:\archer\archer\sources\HPEXPStrip.cpp(14,2): warning C4305: G:\archer\archer\sources\game.cpp(524) : warning C4715: 'GetArcherNowStay': not all control paths return a value
  glad.c
  archer.vcxproj -> G:\archer\Debug\archer.exe
